-- The C compiler identification is GNU 13.3.0
-- The CXX compiler identification is GNU 13.3.0
-- Detecting C compiler ABI info
-- Detecting C compiler ABI info - done
-- Check for working C compiler: /usr/bin/cc - skipped
-- Detecting C compile features
-- Detecting C compile features - done
-- Detecting CXX compiler ABI info
-- Detecting CXX compiler ABI info - done
-- Check for working CXX compiler: /usr/bin/c++ - skipped
-- Detecting CXX compile features
-- Detecting CXX compile features - done
-- Found ament_cmake: 2.5.4 (/opt/ros/jazzy/share/ament_cmake/cmake)
-- Found Python3: /usr/bin/python3 (found version "3.12.3") found components: Interpreter 
-- Found ament_lint_auto: 0.17.2 (/opt/ros/jazzy/share/ament_lint_auto/cmake)
-- Added test 'cppcheck' to perform static code analysis on C / C++ code
-- Configured cppcheck include dirs: $<BUILD_INTERFACE:/home/malte/Desktop/Work/Development/path_planner/path_planner/include>
-- Configured cppcheck exclude dirs and/or files: 
-- Added test 'lint_cmake' to check CMake code style
-- Added test 'uncrustify' to check C / C++ code style
-- Configured uncrustify additional arguments: 
-- Added test 'xmllint' to check XML markup files
-- Configuring done (1.0s)
-- Generating done (0.0s)
-- Build files have been written to: /home/malte/Desktop/Work/Development/path_planner/path_planner/build/path_planner
[ 50%] [32mBuilding CXX object CMakeFiles/global_planner.dir/src/global_planner.cpp.o[0m
[100%] [32m[1mLinking CXX executable global_planner[0m
[100%] Built target global_planner
-- Install configuration: ""
-- Installing: /home/malte/Desktop/Work/Development/path_planner/path_planner/install/path_planner/lib/path_planner/global_planner
-- Installing: /home/malte/Desktop/Work/Development/path_planner/path_planner/install/path_planner/share/ament_index/resource_index/package_run_dependencies/path_planner
-- Installing: /home/malte/Desktop/Work/Development/path_planner/path_planner/install/path_planner/share/ament_index/resource_index/parent_prefix_path/path_planner
-- Installing: /home/malte/Desktop/Work/Development/path_planner/path_planner/install/path_planner/share/path_planner/environment/ament_prefix_path.sh
-- Installing: /home/malte/Desktop/Work/Development/path_planner/path_planner/install/path_planner/share/path_planner/environment/ament_prefix_path.dsv
-- Installing: /home/malte/Desktop/Work/Development/path_planner/path_planner/install/path_planner/share/path_planner/environment/path.sh
-- Installing: /home/malte/Desktop/Work/Development/path_planner/path_planner/install/path_planner/share/path_planner/environment/path.dsv
-- Installing: /home/malte/Desktop/Work/Development/path_planner/path_planner/install/path_planner/share/path_planner/local_setup.bash
-- Installing: /home/malte/Desktop/Work/Development/path_planner/path_planner/install/path_planner/share/path_planner/local_setup.sh
-- Installing: /home/malte/Desktop/Work/Development/path_planner/path_planner/install/path_planner/share/path_planner/local_setup.zsh
-- Installing: /home/malte/Desktop/Work/Development/path_planner/path_planner/install/path_planner/share/path_planner/local_setup.dsv
-- Installing: /home/malte/Desktop/Work/Development/path_planner/path_planner/install/path_planner/share/path_planner/package.dsv
-- Installing: /home/malte/Desktop/Work/Development/path_planner/path_planner/install/path_planner/share/ament_index/resource_index/packages/path_planner
-- Installing: /home/malte/Desktop/Work/Development/path_planner/path_planner/install/path_planner/share/path_planner/cmake/path_plannerConfig.cmake
-- Installing: /home/malte/Desktop/Work/Development/path_planner/path_planner/install/path_planner/share/path_planner/cmake/path_plannerConfig-version.cmake
-- Installing: /home/malte/Desktop/Work/Development/path_planner/path_planner/install/path_planner/share/path_planner/package.xml
