[0.013s] Invoking command in '/home/malte/Desktop/Work/Development/path_planner/path_planner/build/path_planner': CMAKE_PREFIX_PATH=${CMAKE_PREFIX_PATH}:/opt/ros/jazzy DEBUGINFOD_URLS=https://debuginfod.ubuntu.com /usr/bin/cmake /home/malte/Desktop/Work/Development/path_planner/path_planner -DCMAKE_INSTALL_PREFIX=/home/malte/Desktop/Work/Development/path_planner/path_planner/install/path_planner
[0.117s] -- The C compiler identification is GNU 13.3.0
[0.217s] -- The CXX compiler identification is GNU 13.3.0
[0.239s] -- Detecting C compiler ABI info
[0.366s] -- Detecting C compiler ABI info - done
[0.379s] -- Check for working C compiler: /usr/bin/cc - skipped
[0.379s] -- Detecting C compile features
[0.380s] -- Detecting C compile features - done
[0.394s] -- Detecting CXX compiler ABI info
[0.551s] -- Detecting CXX compiler ABI info - done
[0.564s] -- Check for working CXX compiler: /usr/bin/c++ - skipped
[0.565s] -- Detecting CXX compile features
[0.565s] -- Detecting CXX compile features - done
[0.569s] -- Found ament_cmake: 2.5.4 (/opt/ros/jazzy/share/ament_cmake/cmake)
[0.777s] -- Found Python3: /usr/bin/python3 (found version "3.12.3") found components: Interpreter 
[0.912s] -- Found ament_lint_auto: 0.17.2 (/opt/ros/jazzy/share/ament_lint_auto/cmake)
[1.034s] -- Added test 'cppcheck' to perform static code analysis on C / C++ code
[1.034s] -- Configured cppcheck include dirs: $<BUILD_INTERFACE:/home/malte/Desktop/Work/Development/path_planner/path_planner/include>
[1.035s] -- Configured cppcheck exclude dirs and/or files: 
[1.036s] -- Added test 'lint_cmake' to check CMake code style
[1.040s] -- Added test 'uncrustify' to check C / C++ code style
[1.040s] -- Configured uncrustify additional arguments: 
[1.041s] -- Added test 'xmllint' to check XML markup files
[1.043s] -- Configuring done (1.0s)
[1.047s] -- Generating done (0.0s)
[1.049s] -- Build files have been written to: /home/malte/Desktop/Work/Development/path_planner/path_planner/build/path_planner
[1.057s] Invoked command in '/home/malte/Desktop/Work/Development/path_planner/path_planner/build/path_planner' returned '0': CMAKE_PREFIX_PATH=${CMAKE_PREFIX_PATH}:/opt/ros/jazzy DEBUGINFOD_URLS=https://debuginfod.ubuntu.com /usr/bin/cmake /home/malte/Desktop/Work/Development/path_planner/path_planner -DCMAKE_INSTALL_PREFIX=/home/malte/Desktop/Work/Development/path_planner/path_planner/install/path_planner
[1.059s] Invoking command in '/home/malte/Desktop/Work/Development/path_planner/path_planner/build/path_planner': CMAKE_PREFIX_PATH=${CMAKE_PREFIX_PATH}:/opt/ros/jazzy DEBUGINFOD_URLS=https://debuginfod.ubuntu.com /usr/bin/cmake --build /home/malte/Desktop/Work/Development/path_planner/path_planner/build/path_planner -- -j22 -l22
[1.134s] [ 50%] [32mBuilding CXX object CMakeFiles/global_planner.dir/src/global_planner.cpp.o[0m
[1.178s] [100%] [32m[1mLinking CXX executable global_planner[0m
[1.241s] [100%] Built target global_planner
[1.261s] Invoked command in '/home/malte/Desktop/Work/Development/path_planner/path_planner/build/path_planner' returned '0': CMAKE_PREFIX_PATH=${CMAKE_PREFIX_PATH}:/opt/ros/jazzy DEBUGINFOD_URLS=https://debuginfod.ubuntu.com /usr/bin/cmake --build /home/malte/Desktop/Work/Development/path_planner/path_planner/build/path_planner -- -j22 -l22
[1.277s] Invoking command in '/home/malte/Desktop/Work/Development/path_planner/path_planner/build/path_planner': CMAKE_PREFIX_PATH=${CMAKE_PREFIX_PATH}:/opt/ros/jazzy DEBUGINFOD_URLS=https://debuginfod.ubuntu.com /usr/bin/cmake --install /home/malte/Desktop/Work/Development/path_planner/path_planner/build/path_planner
[1.288s] -- Install configuration: ""
[1.289s] -- Installing: /home/malte/Desktop/Work/Development/path_planner/path_planner/install/path_planner/lib/path_planner/global_planner
[1.289s] -- Installing: /home/malte/Desktop/Work/Development/path_planner/path_planner/install/path_planner/share/ament_index/resource_index/package_run_dependencies/path_planner
[1.289s] -- Installing: /home/malte/Desktop/Work/Development/path_planner/path_planner/install/path_planner/share/ament_index/resource_index/parent_prefix_path/path_planner
[1.289s] -- Installing: /home/malte/Desktop/Work/Development/path_planner/path_planner/install/path_planner/share/path_planner/environment/ament_prefix_path.sh
[1.289s] -- Installing: /home/malte/Desktop/Work/Development/path_planner/path_planner/install/path_planner/share/path_planner/environment/ament_prefix_path.dsv
[1.290s] -- Installing: /home/malte/Desktop/Work/Development/path_planner/path_planner/install/path_planner/share/path_planner/environment/path.sh
[1.290s] -- Installing: /home/malte/Desktop/Work/Development/path_planner/path_planner/install/path_planner/share/path_planner/environment/path.dsv
[1.290s] -- Installing: /home/malte/Desktop/Work/Development/path_planner/path_planner/install/path_planner/share/path_planner/local_setup.bash
[1.290s] -- Installing: /home/malte/Desktop/Work/Development/path_planner/path_planner/install/path_planner/share/path_planner/local_setup.sh
[1.290s] -- Installing: /home/malte/Desktop/Work/Development/path_planner/path_planner/install/path_planner/share/path_planner/local_setup.zsh
[1.290s] -- Installing: /home/malte/Desktop/Work/Development/path_planner/path_planner/install/path_planner/share/path_planner/local_setup.dsv
[1.290s] -- Installing: /home/malte/Desktop/Work/Development/path_planner/path_planner/install/path_planner/share/path_planner/package.dsv
[1.290s] -- Installing: /home/malte/Desktop/Work/Development/path_planner/path_planner/install/path_planner/share/ament_index/resource_index/packages/path_planner
[1.290s] -- Installing: /home/malte/Desktop/Work/Development/path_planner/path_planner/install/path_planner/share/path_planner/cmake/path_plannerConfig.cmake
[1.291s] -- Installing: /home/malte/Desktop/Work/Development/path_planner/path_planner/install/path_planner/share/path_planner/cmake/path_plannerConfig-version.cmake
[1.291s] -- Installing: /home/malte/Desktop/Work/Development/path_planner/path_planner/install/path_planner/share/path_planner/package.xml
[1.292s] Invoked command in '/home/malte/Desktop/Work/Development/path_planner/path_planner/build/path_planner' returned '0': CMAKE_PREFIX_PATH=${CMAKE_PREFIX_PATH}:/opt/ros/jazzy DEBUGINFOD_URLS=https://debuginfod.ubuntu.com /usr/bin/cmake --install /home/malte/Desktop/Work/Development/path_planner/path_planner/build/path_planner
