[0.108s] DEBUG:colcon:Command line arguments: ['/usr/bin/colcon', 'build']
[0.108s] DEBUG:colcon:Parsed command line arguments: Namespace(log_base=None, log_level=None, verb_name='build', build_base='build', install_base='install', merge_install=False, symlink_install=False, test_result_base=None, continue_on_error=False, executor='parallel', parallel_workers=22, event_handlers=None, ignore_user_meta=False, metas=['./colcon.meta'], base_paths=['.'], packages_ignore=None, packages_ignore_regex=None, paths=None, packages_up_to=None, packages_up_to_regex=None, packages_above=None, packages_above_and_dependencies=None, packages_above_depth=None, packages_select_by_dep=None, packages_skip_by_dep=None, packages_skip_up_to=None, packages_select_build_failed=False, packages_skip_build_finished=False, packages_select_test_failures=False, packages_skip_test_passed=False, packages_select=None, packages_skip=None, packages_select_regex=None, packages_skip_regex=None, packages_start=None, packages_end=None, allow_overriding=[], cmake_args=None, cmake_target=None, cmake_target_skip_unavailable=False, cmake_clean_cache=False, cmake_clean_first=False, cmake_force_configure=False, ament_cmake_args=None, catkin_cmake_args=None, catkin_skip_building_tests=False, mixin_files=None, mixin=None, verb_parser=<colcon_mixin.mixin.mixin_argument.MixinArgumentDecorator object at 0x70ced0f0fe30>, verb_extension=<colcon_core.verb.build.BuildVerb object at 0x70ced10bc320>, main=<bound method BuildVerb.main of <colcon_core.verb.build.BuildVerb object at 0x70ced10bc320>>, mixin_verb=('build',))
[0.149s] Level 1:colcon.colcon_core.package_discovery:discover_packages(colcon_meta) check parameters
[0.149s] Level 1:colcon.colcon_core.package_discovery:discover_packages(recursive) check parameters
[0.149s] Level 1:colcon.colcon_core.package_discovery:discover_packages(ignore) check parameters
[0.149s] Level 1:colcon.colcon_core.package_discovery:discover_packages(path) check parameters
[0.149s] Level 1:colcon.colcon_core.package_discovery:discover_packages(colcon_meta) discover
[0.149s] Level 1:colcon.colcon_core.package_discovery:discover_packages(recursive) discover
[0.149s] INFO:colcon.colcon_core.package_discovery:Crawling recursively for packages in '/home/malte/Desktop/Work/Development/path_planner/path_planner'
[0.149s] Level 1:colcon.colcon_core.package_identification:_identify(.) by extensions ['ignore', 'ignore_ament_install']
[0.150s] Level 1:colcon.colcon_core.package_identification:_identify(.) by extension 'ignore'
[0.150s] Level 1:colcon.colcon_core.package_identification:_identify(.) by extension 'ignore_ament_install'
[0.150s] Level 1:colcon.colcon_core.package_identification:_identify(.) by extensions ['colcon_pkg']
[0.150s] Level 1:colcon.colcon_core.package_identification:_identify(.) by extension 'colcon_pkg'
[0.150s] Level 1:colcon.colcon_core.package_identification:_identify(.) by extensions ['colcon_meta']
[0.150s] Level 1:colcon.colcon_core.package_identification:_identify(.) by extension 'colcon_meta'
[0.150s] Level 1:colcon.colcon_core.package_identification:_identify(.) by extensions ['ros']
[0.150s] Level 1:colcon.colcon_core.package_identification:_identify(.) by extension 'ros'
[0.180s] DEBUG:colcon.colcon_core.package_identification:Package '.' with type 'ros.ament_cmake' and name 'path_planner'
[0.180s] Level 1:colcon.colcon_core.package_discovery:discover_packages(recursive) using defaults
[0.180s] Level 1:colcon.colcon_core.package_discovery:discover_packages(ignore) discover
[0.180s] Level 1:colcon.colcon_core.package_discovery:discover_packages(ignore) using defaults
[0.180s] Level 1:colcon.colcon_core.package_discovery:discover_packages(path) discover
[0.180s] Level 1:colcon.colcon_core.package_discovery:discover_packages(path) using defaults
[0.203s] Level 1:colcon.colcon_core.package_discovery:discover_packages(prefix_path) check parameters
[0.203s] Level 1:colcon.colcon_core.package_discovery:discover_packages(prefix_path) discover
[0.204s] Level 1:colcon.colcon_core.package_discovery:discover_packages(prefix_path) using defaults
[0.205s] Level 5:colcon.colcon_core.verb:set package 'path_planner' build argument 'cmake_args' from command line to 'None'
[0.205s] Level 5:colcon.colcon_core.verb:set package 'path_planner' build argument 'cmake_target' from command line to 'None'
[0.206s] Level 5:colcon.colcon_core.verb:set package 'path_planner' build argument 'cmake_target_skip_unavailable' from command line to 'False'
[0.206s] Level 5:colcon.colcon_core.verb:set package 'path_planner' build argument 'cmake_clean_cache' from command line to 'False'
[0.206s] Level 5:colcon.colcon_core.verb:set package 'path_planner' build argument 'cmake_clean_first' from command line to 'False'
[0.206s] Level 5:colcon.colcon_core.verb:set package 'path_planner' build argument 'cmake_force_configure' from command line to 'False'
[0.206s] Level 5:colcon.colcon_core.verb:set package 'path_planner' build argument 'ament_cmake_args' from command line to 'None'
[0.206s] Level 5:colcon.colcon_core.verb:set package 'path_planner' build argument 'catkin_cmake_args' from command line to 'None'
[0.206s] Level 5:colcon.colcon_core.verb:set package 'path_planner' build argument 'catkin_skip_building_tests' from command line to 'False'
[0.206s] DEBUG:colcon.colcon_core.verb:Building package 'path_planner' with the following arguments: {'ament_cmake_args': None, 'build_base': '/home/malte/Desktop/Work/Development/path_planner/path_planner/build/path_planner', 'catkin_cmake_args': None, 'catkin_skip_building_tests': False, 'cmake_args': None, 'cmake_clean_cache': False, 'cmake_clean_first': False, 'cmake_force_configure': False, 'cmake_target': None, 'cmake_target_skip_unavailable': False, 'install_base': '/home/malte/Desktop/Work/Development/path_planner/path_planner/install/path_planner', 'merge_install': False, 'path': '/home/malte/Desktop/Work/Development/path_planner/path_planner', 'symlink_install': False, 'test_result_base': None}
[0.206s] INFO:colcon.colcon_core.executor:Executing jobs using 'parallel' executor
[0.207s] DEBUG:colcon.colcon_parallel_executor.executor.parallel:run_until_complete
[0.208s] INFO:colcon.colcon_ros.task.ament_cmake.build:Building ROS package in '/home/malte/Desktop/Work/Development/path_planner/path_planner' with build type 'ament_cmake'
[0.208s] INFO:colcon.colcon_cmake.task.cmake.build:Building CMake package in '/home/malte/Desktop/Work/Development/path_planner/path_planner'
[0.210s] INFO:colcon.colcon_core.plugin_system:Skipping extension 'colcon_core.shell.bat': Not used on non-Windows systems
[0.210s] INFO:colcon.colcon_core.shell:Skip shell extension 'powershell' for command environment: Not usable outside of PowerShell
[0.211s] DEBUG:colcon.colcon_core.shell:Skip shell extension 'dsv' for command environment
[0.220s] DEBUG:colcon.colcon_core.event_handler.log_command:Invoking command in '/home/malte/Desktop/Work/Development/path_planner/path_planner/build/path_planner': DEBUGINFOD_URLS=https://debuginfod.ubuntu.com /usr/bin/cmake --build /home/malte/Desktop/Work/Development/path_planner/path_planner/build/path_planner -- -j22 -l22
[2.907s] DEBUG:colcon.colcon_core.event_handler.log_command:Invoked command in '/home/malte/Desktop/Work/Development/path_planner/path_planner/build/path_planner' returned '2': DEBUGINFOD_URLS=https://debuginfod.ubuntu.com /usr/bin/cmake --build /home/malte/Desktop/Work/Development/path_planner/path_planner/build/path_planner -- -j22 -l22
[2.908s] Level 1:colcon.colcon_core.environment:create_environment_scripts_only(path_planner)
[2.911s] Level 1:colcon.colcon_core.environment:checking '/home/malte/Desktop/Work/Development/path_planner/path_planner/install/path_planner' for CMake module files
[2.911s] Level 1:colcon.colcon_core.environment:checking '/home/malte/Desktop/Work/Development/path_planner/path_planner/install/path_planner' for CMake config files
[2.912s] Level 1:colcon.colcon_core.shell:create_environment_hook('path_planner', 'cmake_prefix_path')
[2.912s] INFO:colcon.colcon_core.shell:Creating environment hook '/home/malte/Desktop/Work/Development/path_planner/path_planner/install/path_planner/share/path_planner/hook/cmake_prefix_path.ps1'
[2.913s] INFO:colcon.colcon_core.shell:Creating environment descriptor '/home/malte/Desktop/Work/Development/path_planner/path_planner/install/path_planner/share/path_planner/hook/cmake_prefix_path.dsv'
[2.913s] INFO:colcon.colcon_core.shell:Creating environment hook '/home/malte/Desktop/Work/Development/path_planner/path_planner/install/path_planner/share/path_planner/hook/cmake_prefix_path.sh'
[2.914s] Level 1:colcon.colcon_core.environment:checking '/home/malte/Desktop/Work/Development/path_planner/path_planner/install/path_planner/lib'
[2.915s] Level 1:colcon.colcon_core.environment:checking '/home/malte/Desktop/Work/Development/path_planner/path_planner/install/path_planner/bin'
[2.915s] Level 1:colcon.colcon_core.environment:checking '/home/malte/Desktop/Work/Development/path_planner/path_planner/install/path_planner/lib/pkgconfig/path_planner.pc'
[2.918s] Level 1:colcon.colcon_core.environment:checking '/home/malte/Desktop/Work/Development/path_planner/path_planner/install/path_planner/lib/python3.12/site-packages'
[2.918s] Level 1:colcon.colcon_core.environment:checking '/home/malte/Desktop/Work/Development/path_planner/path_planner/install/path_planner/bin'
[2.918s] INFO:colcon.colcon_core.shell:Creating package script '/home/malte/Desktop/Work/Development/path_planner/path_planner/install/path_planner/share/path_planner/package.ps1'
[2.920s] INFO:colcon.colcon_core.shell:Creating package descriptor '/home/malte/Desktop/Work/Development/path_planner/path_planner/install/path_planner/share/path_planner/package.dsv'
[2.921s] INFO:colcon.colcon_core.shell:Creating package script '/home/malte/Desktop/Work/Development/path_planner/path_planner/install/path_planner/share/path_planner/package.sh'
[2.922s] INFO:colcon.colcon_core.shell:Creating package script '/home/malte/Desktop/Work/Development/path_planner/path_planner/install/path_planner/share/path_planner/package.bash'
[2.923s] INFO:colcon.colcon_core.shell:Creating package script '/home/malte/Desktop/Work/Development/path_planner/path_planner/install/path_planner/share/path_planner/package.zsh'
[2.924s] Level 1:colcon.colcon_core.environment:create_file_with_runtime_dependencies(/home/malte/Desktop/Work/Development/path_planner/path_planner/install/path_planner/share/colcon-core/packages/path_planner)
[2.935s] DEBUG:colcon.colcon_parallel_executor.executor.parallel:closing loop
[2.935s] DEBUG:colcon.colcon_parallel_executor.executor.parallel:loop closed
[2.935s] DEBUG:colcon.colcon_parallel_executor.executor.parallel:run_until_complete finished with '2'
[2.935s] DEBUG:colcon.colcon_core.event_reactor:joining thread
[2.942s] INFO:colcon.colcon_core.plugin_system:Skipping extension 'colcon_notification.desktop_notification.terminal_notifier': Not used on non-Darwin systems
[2.943s] INFO:colcon.colcon_core.plugin_system:Skipping extension 'colcon_notification.desktop_notification.win32': Not used on non-Windows systems
[2.943s] INFO:colcon.colcon_notification.desktop_notification:Sending desktop notification using 'notify2'
[2.966s] DEBUG:colcon.colcon_core.event_reactor:joined thread
[2.967s] INFO:colcon.colcon_core.shell:Creating prefix script '/home/malte/Desktop/Work/Development/path_planner/path_planner/install/local_setup.ps1'
[2.969s] INFO:colcon.colcon_core.shell:Creating prefix util module '/home/malte/Desktop/Work/Development/path_planner/path_planner/install/_local_setup_util_ps1.py'
[2.970s] INFO:colcon.colcon_core.shell:Creating prefix chain script '/home/malte/Desktop/Work/Development/path_planner/path_planner/install/setup.ps1'
[2.972s] INFO:colcon.colcon_core.shell:Creating prefix script '/home/malte/Desktop/Work/Development/path_planner/path_planner/install/local_setup.sh'
[2.973s] INFO:colcon.colcon_core.shell:Creating prefix util module '/home/malte/Desktop/Work/Development/path_planner/path_planner/install/_local_setup_util_sh.py'
[2.973s] INFO:colcon.colcon_core.shell:Creating prefix chain script '/home/malte/Desktop/Work/Development/path_planner/path_planner/install/setup.sh'
[2.974s] INFO:colcon.colcon_core.shell:Creating prefix script '/home/malte/Desktop/Work/Development/path_planner/path_planner/install/local_setup.bash'
[2.975s] INFO:colcon.colcon_core.shell:Creating prefix chain script '/home/malte/Desktop/Work/Development/path_planner/path_planner/install/setup.bash'
[2.976s] INFO:colcon.colcon_core.shell:Creating prefix script '/home/malte/Desktop/Work/Development/path_planner/path_planner/install/local_setup.zsh'
[2.976s] INFO:colcon.colcon_core.shell:Creating prefix chain script '/home/malte/Desktop/Work/Development/path_planner/path_planner/install/setup.zsh'
